{"C:\\Users\\yuri.200819\\dev\\02\\YuriBoppre-Turma001-ApiTest\\simple-reporter.ts": {"path":"C:\\Users\\yuri.200819\\dev\\02\\YuriBoppre-Turma001-ApiTest\\simple-reporter.ts","statementMap":{"0":{"start":{"line":2,"column":0},"end":{"line":2,"column":52}},"1":{"start":{"line":5,"column":13},"end":{"line":27,"column":2}},"2":{"start":{"line":9,"column":46},"end":{"line":9,"column":50}},"3":{"start":{"line":10,"column":4},"end":{"line":13,"column":7}}},"fnMap":{"0":{"name":"(anonymous_7)","decl":{"start":{"line":8,"column":8},"end":{"line":8,"column":17}},"loc":{"start":{"line":8,"column":41},"end":{"line":14,"column":null}}},"1":{"name":"(anonymous_9)","decl":{"start":{"line":16,"column":2},"end":{"line":16,"column":11}},"loc":{"start":{"line":16,"column":41},"end":{"line":18,"column":3}}},"2":{"name":"(anonymous_10)","decl":{"start":{"line":20,"column":2},"end":{"line":20,"column":11}},"loc":{"start":{"line":20,"column":41},"end":{"line":22,"column":3}}},"3":{"name":"(anonymous_11)","decl":{"start":{"line":24,"column":2},"end":{"line":24,"column":5}},"loc":{"start":{"line":24,"column":5},"end":{"line":26,"column":3}}}},"branchMap":{},"s":{"0":8,"1":8,"2":51,"3":51},"f":{"0":51,"1":0,"2":0,"3":8},"b":{}}
}
